[0m14:49:37.295420 [debug] [MainThread]: Sending event: {'category': 'dbt', 'action': 'invocation', 'label': 'start', 'context': [<snowplow_tracker.self_describing_json.SelfDescribingJson object at 0x107a0f190>, <snowplow_tracker.self_describing_json.SelfDescribingJson object at 0x107a9b250>, <snowplow_tracker.self_describing_json.SelfDescribingJson object at 0x107a9be90>]}


============================== 14:49:37.297770 | a5eabd7d-34a9-4255-a37d-b0849f2f16af ==============================
[0m14:49:37.297770 [info ] [MainThread]: Running with dbt=1.7.8
[0m14:49:37.298082 [debug] [MainThread]: running dbt with arguments {'printer_width': '80', 'indirect_selection': 'eager', 'write_json': 'True', 'log_cache_events': 'False', 'partial_parse': 'True', 'cache_selected_only': 'False', 'profiles_dir': '/Users/lorranpimenta/.dbt', 'fail_fast': 'False', 'version_check': 'True', 'log_path': 'logs', 'warn_error': 'None', 'debug': 'False', 'use_colors': 'True', 'use_experimental_parser': 'False', 'no_print': 'None', 'quiet': 'False', 'log_format': 'default', 'static_parser': 'True', 'invocation_command': 'dbt init', 'introspect': 'True', 'target_path': 'None', 'warn_error_options': 'WarnErrorOptions(include=[], exclude=[])', 'send_anonymous_usage_stats': 'True'}
[0m14:50:04.681413 [debug] [MainThread]: Starter project path: /Users/lorranpimenta/Git/dbt/dbt-learn-course/.venv/lib/python3.11/site-packages/dbt/include/starter_project
[0m14:50:04.691715 [info ] [MainThread]: 
Your new dbt project "projeto" was created!

For more information on how to configure the profiles.yml file,
please consult the dbt documentation here:

  https://docs.getdbt.com/docs/configure-your-profile

One more thing:

Need help? Don't hesitate to reach out to us via GitHub issues or on Slack:

  https://community.getdbt.com/

Happy modeling!

[0m14:50:04.692285 [info ] [MainThread]: Setting up your profile.
[0m14:51:04.060600 [info ] [MainThread]: Profile projeto written to /Users/lorranpimenta/.dbt/profiles.yml using target's profile_template.yml and your supplied values. Run 'dbt debug' to validate the connection.
[0m14:51:04.063092 [debug] [MainThread]: Resource report: {"command_name": "init", "command_success": true, "command_wall_clock_time": 86.79381, "process_user_time": 0.941262, "process_kernel_time": 0.157005, "process_mem_max_rss": "101957632", "process_in_blocks": "0", "process_out_blocks": "0"}
[0m14:51:04.063544 [debug] [MainThread]: Command `dbt init` succeeded at 14:51:04.063455 after 86.79 seconds
[0m14:51:04.063795 [debug] [MainThread]: Sending event: {'category': 'dbt', 'action': 'invocation', 'label': 'end', 'context': [<snowplow_tracker.self_describing_json.SelfDescribingJson object at 0x107a21050>, <snowplow_tracker.self_describing_json.SelfDescribingJson object at 0x10704aa50>, <snowplow_tracker.self_describing_json.SelfDescribingJson object at 0x100f8bd90>]}
[0m14:51:04.064042 [debug] [MainThread]: Flushing usage events
